<?xml version="1.0" encoding="UTF-8"?>
<testsuite name="com.aman.model.AssignmentTest" time="0" tests="18" errors="0" skipped="0" failures="0">
  <properties>
[...]
</properties>
  <testcase name="setDeadline" classname="com.aman.model.AssignmentTest" time="0"/>
  <testcase name="getDeadline" classname="com.aman.model.AssignmentTest" time="0"/>
  <testcase name="getDateAssignedFormatted" classname="com.aman.model.AssignmentTest" time="0"/>
  <testcase name="getDateAssigned" classname="com.aman.model.AssignmentTest" time="0"/>
  <testcase name="getRank" classname="com.aman.model.AssignmentTest" time="0"/>
  <testcase name="getTask" classname="com.aman.model.AssignmentTest" time="0"/>
  <testcase name="getUser" classname="com.aman.model.AssignmentTest" time="0"/>
  <testcase name="getAssignmentId" classname="com.aman.model.AssignmentTest" time="0"/>
  <testcase name="getDeadlineFormatted" classname="com.aman.model.AssignmentTest" time="0"/>
  <testcase name="setDateAssigned" classname="com.aman.model.AssignmentTest" time="0"/>
  <testcase name="setStatus" classname="com.aman.model.AssignmentTest" time="0"/>
  <testcase name="getStatus" classname="com.aman.model.AssignmentTest" time="0"/>
  <testcase name="setAssignmentId" classname="com.aman.model.AssignmentTest" time="0"/>
  <testcase name="setNotes" classname="com.aman.model.AssignmentTest" time="0"/>
  <testcase name="getNotes" classname="com.aman.model.AssignmentTest" time="0"/>
  <testcase name="setRank" classname="com.aman.model.AssignmentTest" time="0"/>
  <testcase name="setTask" classname="com.aman.model.AssignmentTest" time="0"/>
  <testcase name="setUser" classname="com.aman.model.AssignmentTest" time="0"/>
</testsuite>